<?xml version="1.0" encoding="UTF-8"?>
<!-- Generated by org.testng.reporters.JUnitReportReporter -->
<testsuite hostname="fanyitekiMacBook-Air.local" name="yaoyao.meilishuo.meilishuo" tests="1" failures="1" timestamp="8 May 2014 10:41:56 GMT" time="0.000" errors="0">
  <testcase name="demo" time="0.000" classname="yaoyao.meilishuo.meilishuo">
    <failure type="org.testng.TestNGException" message="
Parameter &#039;get1&#039; is required by @Test on method demo but has not been marked @Optional or defined
in /private/var/folders/fw/_28knnc52jsfrsp0wsp19dfm0000gn/T/testng-eclipse-370297721/testng-customsuite.xml">
      <![CDATA[org.testng.TestNGException: 
Parameter 'get1' is required by @Test on method demo but has not been marked @Optional or defined
in /private/var/folders/fw/_28knnc52jsfrsp0wsp19dfm0000gn/T/testng-eclipse-370297721/testng-customsuite.xml
	at org.testng.internal.Parameters.createParameters(Parameters.java:155)
	at org.testng.internal.Parameters.createParameters(Parameters.java:358)
	at org.testng.internal.Parameters.handleParameters(Parameters.java:450)
	at org.testng.internal.Invoker.handleParameters(Invoker.java:1383)
	at org.testng.internal.Invoker.createParameters(Invoker.java:1075)
	at org.testng.internal.Invoker.invokeTestMethods(Invoker.java:1180)
	at org.testng.internal.TestMethodWorker.invokeTestMethods(TestMethodWorker.java:127)
	at org.testng.internal.TestMethodWorker.run(TestMethodWorker.java:111)
	at org.testng.TestRunner.privateRun(TestRunner.java:767)
	at org.testng.TestRunner.run(TestRunner.java:617)
	at org.testng.SuiteRunner.runTest(SuiteRunner.java:334)
	at org.testng.SuiteRunner.runSequentially(SuiteRunner.java:329)
	at org.testng.SuiteRunner.privateRun(SuiteRunner.java:291)
	at org.testng.SuiteRunner.run(SuiteRunner.java:240)
	at org.testng.SuiteRunnerWorker.runSuite(SuiteRunnerWorker.java:52)
	at org.testng.SuiteRunnerWorker.run(SuiteRunnerWorker.java:86)
	at org.testng.TestNG.runSuitesSequentially(TestNG.java:1224)
	at org.testng.TestNG.runSuitesLocally(TestNG.java:1149)
	at org.testng.TestNG.run(TestNG.java:1057)
	at org.testng.remote.RemoteTestNG.run(RemoteTestNG.java:111)
	at org.testng.remote.RemoteTestNG.initAndRun(RemoteTestNG.java:204)
	at org.testng.remote.RemoteTestNG.main(RemoteTestNG.java:175)
]]>
    </failure>
  </testcase> <!-- demo -->
</testsuite> <!-- yaoyao.meilishuo.meilishuo -->
