11:50:36      org.openqa.selenium.NoSuchElementException: no such elementsun.reflect.NativeConstructorAccessorImpl.newInstance0(Native Method)
sun.reflect.NativeConstructorAccessorImpl.newInstance(NativeConstructorAccessorImpl.java:39)
sun.reflect.DelegatingConstructorAccessorImpl.newInstance(DelegatingConstructorAccessorImpl.java:27)
java.lang.reflect.Constructor.newInstance(Constructor.java:513)
org.openqa.selenium.remote.ErrorHandler.createThrowable(ErrorHandler.java:191)
org.openqa.selenium.remote.ErrorHandler.throwIfResponseFailed(ErrorHandler.java:145)
org.openqa.selenium.remote.RemoteWebDriver.execute(RemoteWebDriver.java:554)
org.openqa.selenium.remote.RemoteWebDriver.findElement(RemoteWebDriver.java:307)
org.openqa.selenium.remote.RemoteWebDriver.findElementByClassName(RemoteWebDriver.java:388)
org.openqa.selenium.By$ByClassName.findElement(By.java:371)
org.openqa.selenium.remote.RemoteWebDriver.findElement(RemoteWebDriver.java:299)
app.test1.testng(test1.java:43)
yaoyao.test.main(test.java:10)

11:50:36      org.openqa.selenium.NoSuchElementException: no such elementsun.reflect.NativeConstructorAccessorImpl.newInstance0(Native Method)
sun.reflect.NativeConstructorAccessorImpl.newInstance(NativeConstructorAccessorImpl.java:39)
sun.reflect.DelegatingConstructorAccessorImpl.newInstance(DelegatingConstructorAccessorImpl.java:27)
java.lang.reflect.Constructor.newInstance(Constructor.java:513)
org.openqa.selenium.remote.ErrorHandler.createThrowable(ErrorHandler.java:191)
org.openqa.selenium.remote.ErrorHandler.throwIfResponseFailed(ErrorHandler.java:145)
org.openqa.selenium.remote.RemoteWebDriver.execute(RemoteWebDriver.java:554)
org.openqa.selenium.remote.RemoteWebDriver.findElement(RemoteWebDriver.java:307)
org.openqa.selenium.remote.RemoteWebDriver.findElementByClassName(RemoteWebDriver.java:388)
org.openqa.selenium.By$ByClassName.findElement(By.java:371)
org.openqa.selenium.remote.RemoteWebDriver.findElement(RemoteWebDriver.java:299)
app.test1.testng(test1.java:48)
yaoyao.test.main(test.java:10)

11:53:7      org.openqa.selenium.NoSuchElementException: no such element
sun.reflect.NativeConstructorAccessorImpl.newInstance0(Native Method)
sun.reflect.NativeConstructorAccessorImpl.newInstance(NativeConstructorAccessorImpl.java:39)
sun.reflect.DelegatingConstructorAccessorImpl.newInstance(DelegatingConstructorAccessorImpl.java:27)
java.lang.reflect.Constructor.newInstance(Constructor.java:513)
org.openqa.selenium.remote.ErrorHandler.createThrowable(ErrorHandler.java:191)
org.openqa.selenium.remote.ErrorHandler.throwIfResponseFailed(ErrorHandler.java:145)
org.openqa.selenium.remote.RemoteWebDriver.execute(RemoteWebDriver.java:554)
org.openqa.selenium.remote.RemoteWebDriver.findElement(RemoteWebDriver.java:307)
org.openqa.selenium.remote.RemoteWebDriver.findElementByClassName(RemoteWebDriver.java:388)
org.openqa.selenium.By$ByClassName.findElement(By.java:371)
org.openqa.selenium.remote.RemoteWebDriver.findElement(RemoteWebDriver.java:299)
app.test1.testng(test1.java:43)
yaoyao.test.main(test.java:10)


11:53:7      org.openqa.selenium.NoSuchElementException: no such element
sun.reflect.NativeConstructorAccessorImpl.newInstance0(Native Method)
sun.reflect.NativeConstructorAccessorImpl.newInstance(NativeConstructorAccessorImpl.java:39)
sun.reflect.DelegatingConstructorAccessorImpl.newInstance(DelegatingConstructorAccessorImpl.java:27)
java.lang.reflect.Constructor.newInstance(Constructor.java:513)
org.openqa.selenium.remote.ErrorHandler.createThrowable(ErrorHandler.java:191)
org.openqa.selenium.remote.ErrorHandler.throwIfResponseFailed(ErrorHandler.java:145)
org.openqa.selenium.remote.RemoteWebDriver.execute(RemoteWebDriver.java:554)
org.openqa.selenium.remote.RemoteWebDriver.findElement(RemoteWebDriver.java:307)
org.openqa.selenium.remote.RemoteWebDriver.findElementByClassName(RemoteWebDriver.java:388)
org.openqa.selenium.By$ByClassName.findElement(By.java:371)
org.openqa.selenium.remote.RemoteWebDriver.findElement(RemoteWebDriver.java:299)
app.test1.testng(test1.java:48)
yaoyao.test.main(test.java:10)


