17:30:37      org.openqa.selenium.NoSuchElementException: no such element
17:31:41      org.openqa.selenium.NoSuchElementException: no such element
17:31:44      org.openqa.selenium.NoSuchElementException: no such element
